2024-08-28T20:58:06.791102+0300 SUCCESS [SUCCESS]|| File: BarTender_bot.Handlers.User_handler — Пользователю: Игорь Макарьевский (TTwenzos) — назначена роль Бармен
2024-08-28T20:58:23.820563+0300 SUCCESS [SUCCESS]|| File: BarTender_bot.Handlers.User_handler — Пользователю: Игорь Макарьевский (TTwenzos) — назначена роль Директор
2024-08-28T20:58:33.167750+0300 SUCCESS [SUCCESS]|| File: BarTender_bot.Handlers.User_handler — Пользователю: Игорь Макарьевский (TTwenzos) — назначена роль Суперпользователь
2024-08-28T21:00:36.786086+0300 SUCCESS [SUCCESS]|| File: BarTender_bot.Handlers.User_handler — Пользователю: Игорь Макарьевский (TTwenzos) — назначена роль Директор
2024-08-28T21:00:50.316653+0300 SUCCESS [SUCCESS]|| File: BarTender_bot.Handlers.User_handler — Пользователю: Игорь Макарьевский (TTwenzos) — назначена роль Менеджер
2024-08-28T21:01:03.614662+0300 SUCCESS [SUCCESS]|| File: BarTender_bot.Handlers.User_handler — Пользователю: Игорь Макарьевский (TTwenzos) — назначена роль Кладовщик
2024-08-28T21:01:11.963491+0300 SUCCESS [SUCCESS]|| File: BarTender_bot.Handlers.User_handler — Пользователю: Игорь Макарьевский (TTwenzos) — назначена роль Бармен
2024-08-31T18:18:50.356458+0300 SUCCESS [SUCCESS]|| File: __main__ — Пользователю: John Doe — назначена роль Бармен
2024-08-31T19:09:12.568066+0300 SUCCESS [SUCCESS]|| File: __main__ — Бот запушен: 2024-08-31, Токен бота — None
2024-08-31T19:09:32.270890+0300 SUCCESS [SUCCESS]|| File: __main__ — Бот запушен: 2024-08-31, Токен бота — 7299215635:AAFqFF1qdXSJLHmLq90Wq2p3bHoeqyfwNQA
2024-08-31T19:13:01.414632+0300 SUCCESS [SUCCESS]|| File: __main__ — Бот запушен: 2024-08-31, Токен бота — 7299215635:AAFqFF1qdXSJLHmLq90Wq2p3bHoeqyfwNQA
2024-08-31T19:13:43.773107+0300 SUCCESS [SUCCESS]|| File: __main__ — Бот запушен: 2024-08-31, Токен бота — 7299215635:AAFqFF1qdXSJLHmLq90Wq2p3bHoeqyfwNQA
2024-08-31T19:16:05.037909+0300 SUCCESS [SUCCESS]|| File: __main__ — Бот запушен: 2024-08-31, Токен бота — 7299215635:AAFqFF1qdXSJLHmLq90Wq2p3bHoeqyfwNQA
2024-08-31T19:16:05.537711+0300 SUCCESS [SUCCESS]|| File: __main__ — Бот запушен: 2024-08-31, Токен бота — 7299215635:AAFqFF1qdXSJLHmLq90Wq2p3bHoeqyfwNQA
2024-08-31T19:17:01.579716+0300 SUCCESS [SUCCESS]|| File: __main__ — Бот запушен: 2024-08-31, Токен бота — 7299215635:AAFqFF1qdXSJLHmLq90Wq2p3bHoeqyfwNQA
2024-08-31T19:19:29.794620+0300 SUCCESS [SUCCESS]|| File: __main__ — Бот запушен: 2024-08-31, Токен бота — 7299215635:AAF71_7vqQKxIA_hZ9L1nEBxeHP4wZvQ2JQ
2024-08-31T19:19:33.472003+0300 SUCCESS [SUCCESS]|| File: __main__ — Бот запушен: 2024-08-31, Токен бота — 7299215635:AAF71_7vqQKxIA_hZ9L1nEBxeHP4wZvQ2JQ
2024-08-31T19:21:43.266380+0300 SUCCESS [SUCCESS]|| File: __main__ — Бот запушен: 2024-08-31, Токен бота — 7299215635:AAF71_7vqQKxIA_hZ9L1nEBxeHP4wZvQ2JQ
2024-08-31T19:23:30.184899+0300 SUCCESS [SUCCESS]|| File: __main__ — Бот запушен: 2024-08-31, Токен бота — 7299215635:AAF71_7vqQKxIA_hZ9L1nEBxeHP4wZvQ2JQ
2024-08-31T19:25:03.254924+0300 SUCCESS [SUCCESS]|| File: __main__ — Бот запушен: 2024-08-31, Токен бота — 7299215635:AAF71_7vqQKxIA_hZ9L1nEBxeHP4wZvQ2JQ
2024-08-31T19:27:20.496483+0300 SUCCESS [SUCCESS]|| File: __main__ — Бот запушен: 2024-08-31, Токен бота — 7299215635:AAF71_7vqQKxIA_hZ9L1nEBxeHP4wZvQ2JQ
2024-08-31T19:31:19.230487+0300 SUCCESS [SUCCESS]|| File: BarTender_bot.Handlers.User_handler — Пользователю: Игорь Макарьевский (TTwenzos) — назначена роль Директор
2024-08-31T19:33:21.115270+0300 SUCCESS [SUCCESS]|| File: BarTender_bot.Handlers.User_handler — Пользователю: Игорь Макарьевский (TTwenzos) — назначена роль Кладовщик
2024-08-31T19:34:11.968180+0300 SUCCESS [SUCCESS]|| File: __main__ — Бот запушен: 2024-08-31, Токен бота — 7299215635:AAF71_7vqQKxIA_hZ9L1nEBxeHP4wZvQ2JQ
2024-08-31T19:34:27.162187+0300 SUCCESS [SUCCESS]|| File: BarTender_bot.Handlers.User_handler — Пользователю: Игорь Макарьевский (TTwenzos) — назначена роль Менеджер
2024-08-31T19:49:14.295434+0300 SUCCESS [SUCCESS]|| File: __main__ — Бот запушен: 2024-08-31, Токен бота — 7299215635:AAF71_7vqQKxIA_hZ9L1nEBxeHP4wZvQ2JQ
2024-08-31T19:50:43.011262+0300 SUCCESS [SUCCESS]|| File: BarTender_bot.Handlers.User_handler — Пользователю: Игорь Макарьевский (TTwenzos) — назначена роль Директор
2024-08-31T19:51:14.522486+0300 SUCCESS [SUCCESS]|| File: BarTender_bot.Handlers.User_handler — Пользователю: Игорь Макарьевский (TTwenzos) — назначена роль Бармен
